<?xml version="1.0" encoding="UTF-8" standalone="no"?>
<!DOCTYPE log SYSTEM "logger.dtd">
<log>
<record>
  <date>2020-09-27T19:44:17.664-0300</date>
  <logger>GUSTAVO DA COSTA NOBREGA GAMBARRA</logger>
  <level>FINE</level>
  <message>File 118210686-GUSTAVO DA COSTA NOBREGA GAMBARRA.zip was received. It was sent by GUSTAVO DA COSTA NOBREGA GAMBARRA from IP 192.168.0.107 at 27-09-2020 19*44*17</message>
</record>
</log>
<?xml version="1.0" encoding="UTF-8" standalone="no"?>
<!DOCTYPE log SYSTEM "logger.dtd">
<log>
<record>
  <date>2020-09-27T19:45:20.384-0300</date>
  <logger>GUSTAVO DA COSTA NOBREGA GAMBARRA</logger>
  <level>FINE</level>
  <message>File 118210686-GUSTAVO DA COSTA NOBREGA GAMBARRA.zip was received. It was sent by GUSTAVO DA COSTA NOBREGA GAMBARRA from IP 192.168.0.107 at 27-09-2020 19*45*20</message>
</record>
</log>
<?xml version="1.0" encoding="UTF-8" standalone="no"?>
<!DOCTYPE log SYSTEM "logger.dtd">
<log>
<record>
  <date>2020-09-27T20:38:56.358-0300</date>
  <logger>GUSTAVO DA COSTA NOBREGA GAMBARRA</logger>
  <level>FINE</level>
  <message>File 118210686-GUSTAVO DA COSTA NOBREGA GAMBARRA.zip was received. It was sent by GUSTAVO DA COSTA NOBREGA GAMBARRA from IP 192.168.0.107 at 27-09-2020 20*38*56</message>
</record>
</log>
<?xml version="1.0" encoding="UTF-8" standalone="no"?>
<!DOCTYPE log SYSTEM "logger.dtd">
<log>
<record>
  <date>2020-09-27T20:40:46.870-0300</date>
  <logger>GUSTAVO DA COSTA NOBREGA GAMBARRA</logger>
  <level>FINE</level>
  <message>File 118210686-GUSTAVO DA COSTA NOBREGA GAMBARRA.zip was received. It was sent by GUSTAVO DA COSTA NOBREGA GAMBARRA from IP 192.168.0.107 at 27-09-2020 20*40*46</message>
</record>
</log>
<?xml version="1.0" encoding="UTF-8" standalone="no"?>
<!DOCTYPE log SYSTEM "logger.dtd">
<log>
<record>
  <date>2020-09-27T20:41:24.699-0300</date>
  <logger>GUSTAVO DA COSTA NOBREGA GAMBARRA</logger>
  <level>FINE</level>
  <message>File 118210686-GUSTAVO DA COSTA NOBREGA GAMBARRA.zip was received. It was sent by GUSTAVO DA COSTA NOBREGA GAMBARRA from IP 192.168.0.107 at 27-09-2020 20*41*24</message>
</record>
</log>
<?xml version="1.0" encoding="UTF-8" standalone="no"?>
<!DOCTYPE log SYSTEM "logger.dtd">
<log>
<record>
  <date>2020-09-27T20:42:04.394-0300</date>
  <logger>GUSTAVO DA COSTA NOBREGA GAMBARRA</logger>
  <level>FINE</level>
  <message>File 118210686-GUSTAVO DA COSTA NOBREGA GAMBARRA.zip was received. It was sent by GUSTAVO DA COSTA NOBREGA GAMBARRA from IP 192.168.0.107 at 27-09-2020 20*42*04</message>
</record>
</log>
<?xml version="1.0" encoding="UTF-8" standalone="no"?>
<!DOCTYPE log SYSTEM "logger.dtd">
<log>
<record>
  <date>2020-09-27T20:43:13.635-0300</date>
  <logger>GUSTAVO DA COSTA NOBREGA GAMBARRA</logger>
  <level>FINE</level>
  <message>File 118210686-GUSTAVO DA COSTA NOBREGA GAMBARRA.zip was received. It was sent by GUSTAVO DA COSTA NOBREGA GAMBARRA from IP 192.168.0.107 at 27-09-2020 20*43*13</message>
</record>
